<?xml version="1.0" encoding="UTF-8"?>
<!-- Generated by org.testng.reporters.JUnitReportReporter -->
<testsuite hostname="noi-rishabhrastogi-mac.local" failures="0" tests="1" name="com.hotwire.qa.tests.VacationsPageTest" time="31.880" errors="0" timestamp="2020-06-11T22:17:53 IST" skipped="0">
  <testcase classname="com.hotwire.qa.tests.VacationsPageTest" name="searchResultsTest" time="31.880"/>
  <system-out/>
</testsuite> <!-- com.hotwire.qa.tests.VacationsPageTest -->
