<?xml version="1.0" encoding="UTF-8"?>
<!-- Generated by org.testng.reporters.JUnitReportReporter -->
<testsuite hostname="noi-rishabhrastogi-mac.local" failures="0" tests="1" name="com.hotwire.qa.tests.VacationsPageTest" time="32.759" errors="0" timestamp="2020-07-12T19:36:19 IST" skipped="0">
  <testcase classname="com.hotwire.qa.tests.VacationsPageTest" name="searchResultsTest" time="32.759"/>
  <system-out/>
</testsuite> <!-- com.hotwire.qa.tests.VacationsPageTest -->
